C:\py_workspace
['128_pm1309', 'annotaion_check_tools', 'teset']
['annotaion_check_tools.zip']
parent folder is:C:\py_workspace
dirname is:128_pm1309
parent folder is:C:\py_workspace
dirname is:annotaion_check_tools
parent folder is:C:\py_workspace
dirname is:teset
filename with full path:C:\py_workspace\annotaion_check_tools.zip
C:\py_workspace\128_pm1309
[]
['annotation_check.exe', 'annotation_check_logs.log', 'annotation_check_results.log', 'annotation_fail_files.log', 'python36.dll']
filename with full path:C:\py_workspace\128_pm1309\annotation_check.exe
filename with full path:C:\py_workspace\128_pm1309\annotation_check_logs.log
filename with full path:C:\py_workspace\128_pm1309\annotation_check_results.log
filename with full path:C:\py_workspace\128_pm1309\annotation_fail_files.log
filename with full path:C:\py_workspace\128_pm1309\python36.dll
C:\py_workspace\annotaion_check_tools
[]
['annotation_check.py', 'annotation_check_logs.log', 'annotation_check_results.log', 'annotation_fail_files.log', 'check_file_dir.log']
filename with full path:C:\py_workspace\annotaion_check_tools\annotation_check.py
filename with full path:C:\py_workspace\annotaion_check_tools\annotation_check_logs.log
filename with full path:C:\py_workspace\annotaion_check_tools\annotation_check_results.log
filename with full path:C:\py_workspace\annotaion_check_tools\annotation_fail_files.log
filename with full path:C:\py_workspace\annotaion_check_tools\check_file_dir.log
C:\py_workspace\teset
['kk']
['Fm1f_fun_l.c', 'Fm1f_fun_tds.c', 'Fm1f_fun_w.c', 'Fm1f_fun_wifi.c', 'Fm1f_var_l.c', 'Fm1f_var_tds.c', 'Fm1f_var_w.c', 'Fm1f_var_wifi.c', 'Fm1f_var_wifi_gbk.c', 'Tm1f_proc.c']
parent folder is:C:\py_workspace\teset
dirname is:kk
filename with full path:C:\py_workspace\teset\Fm1f_fun_l.c
filename with full path:C:\py_workspace\teset\Fm1f_fun_tds.c
filename with full path:C:\py_workspace\teset\Fm1f_fun_w.c
filename with full path:C:\py_workspace\teset\Fm1f_fun_wifi.c
filename with full path:C:\py_workspace\teset\Fm1f_var_l.c
filename with full path:C:\py_workspace\teset\Fm1f_var_tds.c
filename with full path:C:\py_workspace\teset\Fm1f_var_w.c
filename with full path:C:\py_workspace\teset\Fm1f_var_wifi.c
filename with full path:C:\py_workspace\teset\Fm1f_var_wifi_gbk.c
filename with full path:C:\py_workspace\teset\Tm1f_proc.c
C:\py_workspace\teset\kk
[]
['a.txt', 'b.txt']
filename with full path:C:\py_workspace\teset\kk\a.txt
filename with full path:C:\py_workspace\teset\kk\b.txt
